TN:
SF:02-ratelimitter.js
FN:19,rateLimitter
FNF:1
FNH:1
FNDA:13,rateLimitter
DA:1,1
DA:2,1
DA:3,1
DA:4,1
DA:5,1
DA:6,1
DA:7,1
DA:8,1
DA:9,1
DA:10,1
DA:11,1
DA:12,1
DA:13,1
DA:14,1
DA:15,1
DA:16,2
DA:17,1
DA:18,1
DA:19,1
DA:20,13
DA:21,13
DA:22,13
DA:23,13
DA:24,11
DA:25,11
DA:26,11
DA:27,7
DA:28,7
DA:29,7
DA:30,7
DA:31,4
DA:32,4
DA:33,4
DA:34,11
DA:35,13
DA:36,2
DA:37,2
DA:38,2
DA:39,13
DA:40,1
DA:41,1
DA:42,6
DA:43,1
DA:44,1
DA:45,1
DA:46,0
DA:47,1
DA:48,1
DA:49,1
DA:50,1
LF:50
LH:49
BRDA:15,0,0,2
BRDA:19,1,0,13
BRDA:23,2,0,11
BRDA:26,3,0,7
BRDA:31,4,0,4
BRDA:35,5,0,2
BRDA:41,6,0,6
BRF:7
BRH:7
end_of_record
